Test Start Time: Fri Sep  6 04:09:07 2024
-----------------------------------------
Testcase                                           Result     Exit Value
--------                                           ------     ----------
gf01                                               PASS       0    
gf02                                               PASS       0    
gf03                                               PASS       0    
gf04                                               PASS       0    
gf05                                               PASS       0    
gf06                                               PASS       0    
gf07                                               PASS       0    
gf08                                               PASS       0    
gf09                                               PASS       0    
gf10                                               PASS       0    
gf11                                               PASS       0    
gf12                                               PASS       0    
gf13                                               PASS       0    
gf14                                               PASS       0    
gf15                                               PASS       0    
gf16                                               PASS       0    
gf17                                               PASS       0    
gf18                                               PASS       0    
gf19                                               PASS       0    
gf20                                               PASS       0    
gf21                                               PASS       0    
gf22                                               PASS       0    
gf23                                               PASS       0    
gf24                                               PASS       0    
gf25                                               PASS       0    
gf26                                               PASS       0    
gf27                                               PASS       0    
gf28                                               PASS       0    
gf29                                               PASS       0    
gf30                                               PASS       0    
rwtest01                                           PASS       0    
rwtest02                                           PASS       0    
rwtest03                                           PASS       0    
rwtest04                                           PASS       0    
rwtest05                                           PASS       0    
iogen01                                            PASS       0    
fs_inod01                                          PASS       0    
linker01                                           PASS       0    
openfile01                                         PASS       0    
inode01                                            PASS       0    
inode02                                            PASS       0    
stream01                                           PASS       0    
stream02                                           PASS       0    
stream03                                           PASS       0    
stream04                                           PASS       0    
stream05                                           PASS       0    
ftest01                                            PASS       0    
ftest02                                            PASS       0    
ftest03                                            PASS       0    
ftest04                                            PASS       0    
ftest05                                            PASS       0    
ftest06                                            PASS       0    
ftest07                                            PASS       0    
ftest08                                            PASS       0    
lftest01                                           PASS       0    
writetest01                                        PASS       0    
fs_di                                              PASS       0    
proc01                                             PASS       0    
read_all_dev                                       PASS       0    
read_all_proc                                      PASS       0    
read_all_sys                                       PASS       0    
fs_racer                                           PASS       0    
quota_remount_test01                               CONF       32   
isofs                                              CONF       32   
fs_fill                                            PASS       0    
binfmt_misc01                                      CONF       32   
binfmt_misc02                                      CONF       32   
squashfs01                                         CONF       32   

-----------------------------------------------
Total Tests: 68
Total Skipped Tests: 5
Total Failures: 0
Kernel Version: 6.11.0-rc1+
Machine Architecture: x86_64
Hostname: debian12-fs

