Test Start Time: Tue Sep  3 03:41:58 2024
-----------------------------------------
Testcase                                           Result     Exit Value
--------                                           ------     ----------
nfs3_01                                            CONF       32   
nfs3t_01                                           PASS       0    
nfs4_01                                            PASS       0    
nfs41_01                                           PASS       0    
nfs42_01                                           PASS       0    
nfs3_ipv6_01                                       CONF       32   
nfs3t_ipv6_01                                      PASS       0    
nfs4_ipv6_01                                       PASS       0    
nfs41_ipv6_01                                      PASS       0    
nfs42_ipv6_01                                      PASS       0    
nfs3_02                                            CONF       32   
nfs3t_02                                           PASS       0    
nfs4_02                                            PASS       0    
nfs41_02                                           PASS       0    
nfs42_02                                           PASS       0    
nfs3_ipv6_02                                       CONF       32   
nfs3t_ipv6_02                                      PASS       0    
nfs4_ipv6_02                                       PASS       0    
nfs41_ipv6_02                                      PASS       0    
nfs42_ipv6_02                                      PASS       0    
nfs3_03                                            CONF       32   
nfs3t_03                                           PASS       0    
nfs4_03                                            FAIL       2    
nfs41_03                                           FAIL       2    
nfs42_03                                           FAIL       2    
nfs3_ipv6_03                                       CONF       32   
nfs3t_ipv6_03                                      FAIL       2    
nfs4_ipv6_03                                       FAIL       2    
nfs41_ipv6_03                                      FAIL       2    
nfs42_ipv6_03                                      FAIL       2    
nfs3_04                                            CONF       32   
nfs3t_04                                           PASS       0    
nfs4_04                                            PASS       0    
nfs41_04                                           PASS       0    
nfs42_04                                           PASS       0    
nfs3_ipv6_04                                       CONF       32   
nfs3t_ipv6_04                                      PASS       0    
nfs4_ipv6_04                                       PASS       0    
nfs41_ipv6_04                                      PASS       0    
nfs42_ipv6_04                                      PASS       0    
nfs3_05                                            CONF       32   
nfs3t_05                                           FAIL       2    
nfs4_05                                            PASS       0    
nfs41_05                                           PASS       0    
nfs42_05                                           PASS       0    
nfs3_ipv6_05                                       CONF       32   
nfs3t_ipv6_05                                      FAIL       2    
nfs4_ipv6_05                                       PASS       0    
nfs41_ipv6_05                                      PASS       0    
nfs42_ipv6_05                                      PASS       0    
nfs01_06                                           CONF       32   
nfs02_06                                           PASS       0    
nfs03_ipv6_06                                      PASS       0    
nfs3_07                                            CONF       32   
nfs3t_07                                           FAIL       1    
nfs4_07                                            PASS       0    
nfs41_07                                           PASS       0    
nfs42_07                                           PASS       0    
nfs3_ipv6_07                                       CONF       32   
nfs3t_ipv6_07                                      FAIL       1    
nfs4_ipv6_07                                       PASS       0    
nfs41_ipv6_07                                      PASS       0    
nfs42_ipv6_07                                      PASS       0    
nfs3_08                                            CONF       32   
nfs3t_08                                           PASS       0    
nfs4_08                                            PASS       0    
nfs41_08                                           PASS       0    
nfs42_08                                           PASS       0    
nfs3_ipv6_08                                       CONF       32   
nfs3t_ipv6_08                                      PASS       0    
nfs4_ipv6_08                                       PASS       0    
nfs41_ipv6_08                                      PASS       0    
nfs42_ipv6_08                                      PASS       0    
nfslock3_01                                        CONF       32   
nfslock3t_01                                       FAIL       1    
nfslock4_01                                        PASS       0    
nfslock41_01                                       PASS       0    
nfslock42_01                                       PASS       0    
nfslock3_ipv6_01                                   CONF       32   
nfslock3t_ipv6_01                                  FAIL       1    
nfslock4_ipv6_01                                   PASS       0    
nfslock41_ipv6_01                                  PASS       0    
nfslock42_ipv6_01                                  PASS       0    
nfsstat3_01                                        FAIL       1    
nfsx3                                              CONF       32   
nfsx3t                                             PASS       0    
nfsx4                                              PASS       0    
nfsx41                                             PASS       0    
nfsx42                                             PASS       0    
nfsx3_ipv6                                         CONF       32   
nfsx3t_ipv6                                        PASS       0    
nfsx4_ipv6                                         PASS       0    
nfsx41_ipv6                                        PASS       0    
nfsx42_ipv6                                        PASS       0    

-----------------------------------------------
Total Tests: 94
Total Skipped Tests: 19
Total Failures: 14
Kernel Version: 6.11.0-rc6-next-20240903
Machine Architecture: x86_64
Hostname: debian12-nfs

