Test Start Time: Fri Sep  6 04:09:07 2024
-----------------------------------------
Testcase                                           Result     Exit Value
--------                                           ------     ----------
fs_bind01_sh                                       PASS       0    
fs_bind02_sh                                       PASS       0    
fs_bind03_sh                                       PASS       0    
fs_bind04_sh                                       PASS       0    
fs_bind05_sh                                       PASS       0    
fs_bind06_sh                                       PASS       0    
fs_bind07_sh                                       PASS       0    
fs_bind07-2_sh                                     PASS       0    
fs_bind08_sh                                       PASS       0    
fs_bind09_sh                                       PASS       0    
fs_bind10_sh                                       PASS       0    
fs_bind11_sh                                       PASS       0    
fs_bind12_sh                                       PASS       0    
fs_bind13_sh                                       PASS       0    
fs_bind14_sh                                       PASS       0    
fs_bind15_sh                                       PASS       0    
fs_bind16_sh                                       PASS       0    
fs_bind17_sh                                       PASS       0    
fs_bind18_sh                                       PASS       0    
fs_bind19_sh                                       PASS       0    
fs_bind20_sh                                       PASS       0    
fs_bind21_sh                                       PASS       0    
fs_bind22_sh                                       PASS       0    
fs_bind23_sh                                       PASS       0    
fs_bind24_sh                                       PASS       0    
fs_bind_move01_sh                                  PASS       0    
fs_bind_move02_sh                                  PASS       0    
fs_bind_move03_sh                                  PASS       0    
fs_bind_move04_sh                                  PASS       0    
fs_bind_move05_sh                                  PASS       0    
fs_bind_move06_sh                                  PASS       0    
fs_bind_move07_sh                                  PASS       0    
fs_bind_move08_sh                                  PASS       0    
fs_bind_move09_sh                                  PASS       0    
fs_bind_move10_sh                                  PASS       0    
fs_bind_move11_sh                                  PASS       0    
fs_bind_move12_sh                                  PASS       0    
fs_bind_move13_sh                                  PASS       0    
fs_bind_move14_sh                                  PASS       0    
fs_bind_move15_sh                                  PASS       0    
fs_bind_move16_sh                                  PASS       0    
fs_bind_move17_sh                                  PASS       0    
fs_bind_move18_sh                                  PASS       0    
fs_bind_move19_sh                                  PASS       0    
fs_bind_move20_sh                                  PASS       0    
fs_bind_move21_sh                                  PASS       0    
fs_bind_move22_sh                                  PASS       0    
fs_bind_rbind01_sh                                 PASS       0    
fs_bind_rbind02_sh                                 PASS       0    
fs_bind_rbind03_sh                                 PASS       0    
fs_bind_rbind04_sh                                 PASS       0    
fs_bind_rbind05_sh                                 PASS       0    
fs_bind_rbind06_sh                                 PASS       0    
fs_bind_rbind07-2_sh                               PASS       0    
fs_bind_rbind07_sh                                 PASS       0    
fs_bind_rbind08_sh                                 PASS       0    
fs_bind_rbind09_sh                                 PASS       0    
fs_bind_rbind10_sh                                 PASS       0    
fs_bind_rbind11_sh                                 PASS       0    
fs_bind_rbind12_sh                                 PASS       0    
fs_bind_rbind13_sh                                 PASS       0    
fs_bind_rbind14_sh                                 PASS       0    
fs_bind_rbind15_sh                                 PASS       0    
fs_bind_rbind16_sh                                 PASS       0    
fs_bind_rbind17_sh                                 PASS       0    
fs_bind_rbind18_sh                                 PASS       0    
fs_bind_rbind19_sh                                 PASS       0    
fs_bind_rbind20_sh                                 PASS       0    
fs_bind_rbind21_sh                                 PASS       0    
fs_bind_rbind22_sh                                 PASS       0    
fs_bind_rbind23_sh                                 PASS       0    
fs_bind_rbind24_sh                                 PASS       0    
fs_bind_rbind25_sh                                 PASS       0    
fs_bind_rbind26_sh                                 PASS       0    
fs_bind_rbind27_sh                                 PASS       0    
fs_bind_rbind28_sh                                 PASS       0    
fs_bind_rbind29_sh                                 PASS       0    
fs_bind_rbind30_sh                                 PASS       0    
fs_bind_rbind31_sh                                 PASS       0    
fs_bind_rbind32_sh                                 PASS       0    
fs_bind_rbind33_sh                                 PASS       0    
fs_bind_rbind34_sh                                 PASS       0    
fs_bind_rbind35_sh                                 PASS       0    
fs_bind_rbind36_sh                                 PASS       0    
fs_bind_rbind37_sh                                 PASS       0    
fs_bind_rbind38_sh                                 PASS       0    
fs_bind_rbind39_sh                                 PASS       0    
fs_bind_regression_sh                              PASS       0    
fs_bind_cloneNS01_sh                               PASS       0    
fs_bind_cloneNS02_sh                               PASS       0    
fs_bind_cloneNS03_sh                               PASS       0    
fs_bind_cloneNS04_sh                               PASS       0    
fs_bind_cloneNS05_sh                               PASS       0    
fs_bind_cloneNS06_sh                               PASS       0    
fs_bind_cloneNS07_sh                               PASS       0    

-----------------------------------------------
Total Tests: 95
Total Skipped Tests: 0
Total Failures: 0
Kernel Version: 6.11.0-rc1+
Machine Architecture: x86_64
Hostname: debian12-fs-bind

