Test Start Time: Tue Sep  3 03:41:58 2024
-----------------------------------------
Testcase                                           Result     Exit Value
--------                                           ------     ----------
cve-2011-0999                                      PASS       0    
cve-2011-2183                                      PASS       0    
cve-2011-2496                                      CONF       32   
cve-2012-0957                                      PASS       0    
cve-2014-0196                                      PASS       0    
cve-2015-0235                                      PASS       0    
cve-2015-3290                                      CONF       32   
cve-2015-7550                                      PASS       0    
cve-2016-4470                                      PASS       0    
cve-2016-4997                                      PASS       0    
cve-2016-5195                                      PASS       0    
cve-2016-7042                                      PASS       0    
cve-2016-7117                                      PASS       0    
cve-2016-8655                                      PASS       0    
cve-2016-9604                                      PASS       0    
cve-2016-9793                                      PASS       0    
cve-2016-10044                                     PASS       0    
cve-2017-2618                                      PASS       0    
cve-2017-2636                                      CONF       32   
cve-2017-2671                                      PASS       0    
cve-2017-5754                                      PASS       0    
cve-2017-6951                                      PASS       0    
cve-2017-7308                                      PASS       0    
cve-2017-7472                                      PASS       0    
cve-2017-7616                                      CONF       32   
cve-2017-8890                                      PASS       0    
cve-2017-10661                                     PASS       0    
cve-2017-12192                                     PASS       0    
cve-2017-12193                                     PASS       0    
cve-2017-15274                                     PASS       0    
cve-2017-15299                                     PASS       0    
cve-2017-15537                                     PASS       0    
cve-2017-15649                                     PASS       0    
cve-2017-15951                                     PASS       0    
cve-2017-16939                                     PASS       0    
cve-2017-16995                                     PASS       0    
cve-2017-17052                                     PASS       0    
cve-2017-17053                                     PASS       0    
cve-2017-17712                                     PASS       0    
cve-2017-17805                                     CONF       32   
cve-2017-17806                                     PASS       0    
cve-2017-17807                                     PASS       0    
cve-2017-18075                                     CONF       32   
cve-2017-18344                                     PASS       0    
cve-2017-1000111                                   PASS       0    
cve-2017-1000112                                   PASS       0    
cve-2017-1000364                                   PASS       0    
cve-2017-1000380                                   PASS       0    
cve-2017-1000405                                   PASS       0    
cve-2018-5803                                      CONF       32   
cve-2018-6927                                      PASS       0    
cve-2018-7566                                      CONF       32   
cve-2018-8897                                      PASS       0    
cve-2018-9568                                      PASS       0    
cve-2018-10124                                     CONF       32   
cve-2018-11508                                     PASS       0    
cve-2018-12896                                     PASS       0    
cve-2018-13405                                     PASS       0    
cve-2018-18445                                     PASS       0    
cve-2018-18559                                     PASS       0    
cve-2018-18955                                     PASS       0    
cve-2018-19854                                     CONF       32   
cve-2018-1000001                                   PASS       0    
cve-2018-1000199                                   PASS       0    
cve-2018-1000204                                   CONF       32   
cve-2019-8912                                      PASS       0    
cve-2020-11494                                     CONF       32   
cve-2020-14386                                     PASS       0    
cve-2020-14416                                     CONF       32   
cve-2020-25705                                     PASS       0    
cve-2020-29373                                     PASS       0    
cve-2020-36557                                     PASS       0    
cve-2021-3444                                      PASS       0    
cve-2021-3609                                      CONF       32   
cve-2021-4034                                      PASS       0    
cve-2021-4197_1                                    PASS       0    
cve-2021-4197_2                                    PASS       0    
cve-2021-4204                                      PASS       0    
cve-2021-22555                                     CONF       32   
cve-2021-26708                                     PASS       0    
cve-2021-22600                                     PASS       0    
cve-2021-38604                                     PASS       0    
cve-2022-0847                                      PASS       0    
cve-2022-2590                                      PASS       0    
cve-2022-23222                                     PASS       0    
cve-2023-1829                                      CONF       32   
cve-2023-0461                                      CONF       32   
cve-2023-31248                                     PASS       0    
cve-2020-25704                                     CONF       32   
cve-2022-0185                                      PASS       0    
cve-2022-4378                                      PASS       0    

-----------------------------------------------
Total Tests: 91
Total Skipped Tests: 18
Total Failures: 0
Kernel Version: 6.11.0-rc6-next-20240903
Machine Architecture: x86_64
Hostname: debian12-cve

